0 info it worked if it ends with ok
1 verbose cli [ 'C:\\Program Files\\nodejs\\\\node.exe',
1 verbose cli   'C:\\Program Files\\nodejs\\node_modules\\npm\\bin\\npm-cli.js',
1 verbose cli   'install',
1 verbose cli   '--save',
1 verbose cli   'Nodemailer' ]
2 info using npm@1.4.28
3 info using node@v0.10.32
4 verbose node symlink C:\Program Files\nodejs\\node.exe
5 warn package.json notifier@1.0.0 No description
6 warn package.json notifier@1.0.0 No repository field.
7 warn package.json notifier@1.0.0 No README data
8 verbose readDependencies using package.json deps
9 verbose cache add [ 'Nodemailer', null ]
10 verbose cache add name=undefined spec="Nodemailer" args=["Nodemailer",null]
11 verbose parsed url { protocol: null,
11 verbose parsed url   slashes: null,
11 verbose parsed url   auth: null,
11 verbose parsed url   host: null,
11 verbose parsed url   port: null,
11 verbose parsed url   hostname: null,
11 verbose parsed url   hash: null,
11 verbose parsed url   search: null,
11 verbose parsed url   query: null,
11 verbose parsed url   pathname: 'Nodemailer',
11 verbose parsed url   path: 'Nodemailer',
11 verbose parsed url   href: 'Nodemailer' }
12 silly lockFile 5a8a7b4f-Nodemailer Nodemailer
13 verbose lock Nodemailer C:\Users\kloi\AppData\Roaming\npm-cache\5a8a7b4f-Nodemailer.lock
14 silly lockFile 5a8a7b4f-Nodemailer Nodemailer
15 silly lockFile 5a8a7b4f-Nodemailer Nodemailer
16 verbose addNamed [ 'Nodemailer', '' ]
17 verbose addNamed [ null, '*' ]
18 silly lockFile 1a7dc43e-Nodemailer Nodemailer@
19 verbose lock Nodemailer@ C:\Users\kloi\AppData\Roaming\npm-cache\1a7dc43e-Nodemailer.lock
20 silly addNameRange { name: 'Nodemailer', range: '*', hasData: false }
21 verbose request where is /Nodemailer
22 verbose request registry https://registry.npmjs.org/
23 verbose request id e228edd0d1eb6103
24 verbose url raw /Nodemailer
25 verbose url resolving [ 'https://registry.npmjs.org/', './Nodemailer' ]
26 verbose url resolved https://registry.npmjs.org/Nodemailer
27 verbose request where is https://registry.npmjs.org/Nodemailer
28 info trying registry request attempt 1 at 15:01:57
29 http GET https://registry.npmjs.org/Nodemailer
30 http 404 https://registry.npmjs.org/Nodemailer
31 verbose headers { date: 'Tue, 14 Oct 2014 12:02:00 GMT',
31 verbose headers   server: 'CouchDB/1.5.0 (Erlang OTP/R16B03)',
31 verbose headers   'content-type': 'application/json',
31 verbose headers   'cache-control': 'max-age=0',
31 verbose headers   'content-length': '52',
31 verbose headers   'accept-ranges': 'bytes',
31 verbose headers   via: '1.1 varnish',
31 verbose headers   age: '0',
31 verbose headers   'x-served-by': 'cache-fra1239-FRA',
31 verbose headers   'x-cache': 'MISS',
31 verbose headers   'x-cache-hits': '0',
31 verbose headers   'x-timer': 'S1413288120.468982,VS0,VE177',
31 verbose headers   'keep-alive': 'timeout=10, max=50',
31 verbose headers   connection: 'Keep-Alive' }
32 silly registry.get cb [ 404,
32 silly registry.get   { date: 'Tue, 14 Oct 2014 12:02:00 GMT',
32 silly registry.get     server: 'CouchDB/1.5.0 (Erlang OTP/R16B03)',
32 silly registry.get     'content-type': 'application/json',
32 silly registry.get     'cache-control': 'max-age=0',
32 silly registry.get     'content-length': '52',
32 silly registry.get     'accept-ranges': 'bytes',
32 silly registry.get     via: '1.1 varnish',
32 silly registry.get     age: '0',
32 silly registry.get     'x-served-by': 'cache-fra1239-FRA',
32 silly registry.get     'x-cache': 'MISS',
32 silly registry.get     'x-cache-hits': '0',
32 silly registry.get     'x-timer': 'S1413288120.468982,VS0,VE177',
32 silly registry.get     'keep-alive': 'timeout=10, max=50',
32 silly registry.get     connection: 'Keep-Alive' } ]
33 silly lockFile 1a7dc43e-Nodemailer Nodemailer@
34 silly lockFile 1a7dc43e-Nodemailer Nodemailer@
35 error 404 404 Not Found: Nodemailer
35 error 404
35 error 404 'Nodemailer' is not in the npm registry.
35 error 404 You should bug the author to publish it
35 error 404 It was specified as a dependency of 'notifier'
35 error 404
35 error 404 Note that you can also install from a
35 error 404 tarball, folder, or http url, or git url.
36 error System Windows_NT 6.2.9200
37 error command "C:\\Program Files\\nodejs\\\\node.exe" "C:\\Program Files\\nodejs\\node_modules\\npm\\bin\\npm-cli.js" "install" "--save" "Nodemailer"
38 error cwd C:\Projects\NodeJS-HackBG\NodeJS-1\week1\1-hackernews-scraper\notifier
39 error node -v v0.10.32
40 error npm -v 1.4.28
41 error code E404
42 verbose exit [ 1, true ]
