0 info it worked if it ends with ok
1 verbose cli [ 'C:\\Program Files\\nodejs\\\\node.exe',
1 verbose cli   'C:\\Program Files\\nodejs\\node_modules\\npm\\bin\\npm-cli.js',
1 verbose cli   'install',
1 verbose cli   'node-keygen' ]
2 info using npm@1.4.28
3 info using node@v0.10.32
4 verbose node symlink C:\Program Files\nodejs\\node.exe
5 warn package.json Site-Mapper@1.0.0 No repository field.
6 warn package.json path@0.4.9 path is also the name of a node core module.
7 verbose readDependencies using package.json deps
8 verbose cache add [ 'node-keygen', null ]
9 verbose cache add name=undefined spec="node-keygen" args=["node-keygen",null]
10 verbose parsed url { protocol: null,
10 verbose parsed url   slashes: null,
10 verbose parsed url   auth: null,
10 verbose parsed url   host: null,
10 verbose parsed url   port: null,
10 verbose parsed url   hostname: null,
10 verbose parsed url   hash: null,
10 verbose parsed url   search: null,
10 verbose parsed url   query: null,
10 verbose parsed url   pathname: 'node-keygen',
10 verbose parsed url   path: 'node-keygen',
10 verbose parsed url   href: 'node-keygen' }
11 silly lockFile ac7e58f4-node-keygen node-keygen
12 verbose lock node-keygen C:\Users\kloi\AppData\Roaming\npm-cache\ac7e58f4-node-keygen.lock
13 silly lockFile ac7e58f4-node-keygen node-keygen
14 silly lockFile ac7e58f4-node-keygen node-keygen
15 verbose addNamed [ 'node-keygen', '' ]
16 verbose addNamed [ null, '*' ]
17 silly lockFile 72d1f3df-node-keygen node-keygen@
18 verbose lock node-keygen@ C:\Users\kloi\AppData\Roaming\npm-cache\72d1f3df-node-keygen.lock
19 silly addNameRange { name: 'node-keygen', range: '*', hasData: false }
20 verbose request where is /node-keygen
21 verbose request registry https://registry.npmjs.org/
22 verbose request id f0b4355d80d1fb14
23 verbose url raw /node-keygen
24 verbose url resolving [ 'https://registry.npmjs.org/', './node-keygen' ]
25 verbose url resolved https://registry.npmjs.org/node-keygen
26 verbose request where is https://registry.npmjs.org/node-keygen
27 info trying registry request attempt 1 at 00:44:34
28 http GET https://registry.npmjs.org/node-keygen
29 http 404 https://registry.npmjs.org/node-keygen
30 verbose headers { date: 'Tue, 11 Nov 2014 22:44:35 GMT',
30 verbose headers   server: 'CouchDB/1.5.0 (Erlang OTP/R16B03)',
30 verbose headers   'content-type': 'application/json',
30 verbose headers   'cache-control': 'max-age=0',
30 verbose headers   'content-length': '52',
30 verbose headers   'accept-ranges': 'bytes',
30 verbose headers   via: '1.1 varnish',
30 verbose headers   age: '0',
30 verbose headers   'x-served-by': 'cache-fra1227-FRA',
30 verbose headers   'x-cache': 'MISS',
30 verbose headers   'x-cache-hits': '0',
30 verbose headers   'x-timer': 'S1415745874.925258,VS0,VE726',
30 verbose headers   'keep-alive': 'timeout=10, max=50',
30 verbose headers   connection: 'Keep-Alive' }
31 silly registry.get cb [ 404,
31 silly registry.get   { date: 'Tue, 11 Nov 2014 22:44:35 GMT',
31 silly registry.get     server: 'CouchDB/1.5.0 (Erlang OTP/R16B03)',
31 silly registry.get     'content-type': 'application/json',
31 silly registry.get     'cache-control': 'max-age=0',
31 silly registry.get     'content-length': '52',
31 silly registry.get     'accept-ranges': 'bytes',
31 silly registry.get     via: '1.1 varnish',
31 silly registry.get     age: '0',
31 silly registry.get     'x-served-by': 'cache-fra1227-FRA',
31 silly registry.get     'x-cache': 'MISS',
31 silly registry.get     'x-cache-hits': '0',
31 silly registry.get     'x-timer': 'S1415745874.925258,VS0,VE726',
31 silly registry.get     'keep-alive': 'timeout=10, max=50',
31 silly registry.get     connection: 'Keep-Alive' } ]
32 silly lockFile 72d1f3df-node-keygen node-keygen@
33 silly lockFile 72d1f3df-node-keygen node-keygen@
34 error 404 404 Not Found: node-keygen
34 error 404
34 error 404 'node-keygen' is not in the npm registry.
34 error 404 You should bug the author to publish it
34 error 404 It was specified as a dependency of 'Site-Mapper'
34 error 404
34 error 404 Maybe try 'npm search keygen'
34 error 404
34 error 404 Note that you can also install from a
34 error 404 tarball, folder, or http url, or git url.
35 error System Windows_NT 6.2.9200
36 error command "C:\\Program Files\\nodejs\\\\node.exe" "C:\\Program Files\\nodejs\\node_modules\\npm\\bin\\npm-cli.js" "install" "node-keygen"
37 error cwd C:\Projects\NodeJS-HackBG\NodeJS-1\exam1\3-Site-Mapper
38 error node -v v0.10.32
39 error npm -v 1.4.28
40 error code E404
41 verbose exit [ 1, true ]
