0 info it worked if it ends with ok
1 verbose cli [ 'C:\\Program Files\\nodejs\\\\node.exe',
1 verbose cli   'C:\\Program Files\\nodejs\\node_modules\\npm\\bin\\npm-cli.js',
1 verbose cli   'install',
1 verbose cli   '--save',
1 verbose cli   'node-mongodb-native' ]
2 info using npm@1.4.28
3 info using node@v0.10.32
4 verbose node symlink C:\Program Files\nodejs\\node.exe
5 warn package.json 1-JSON-To-Mongo@1.0.0 No repository field.
6 verbose readDependencies using package.json deps
7 verbose cache add [ 'node-mongodb-native', null ]
8 verbose cache add name=undefined spec="node-mongodb-native" args=["node-mongodb-native",null]
9 verbose parsed url { protocol: null,
9 verbose parsed url   slashes: null,
9 verbose parsed url   auth: null,
9 verbose parsed url   host: null,
9 verbose parsed url   port: null,
9 verbose parsed url   hostname: null,
9 verbose parsed url   hash: null,
9 verbose parsed url   search: null,
9 verbose parsed url   query: null,
9 verbose parsed url   pathname: 'node-mongodb-native',
9 verbose parsed url   path: 'node-mongodb-native',
9 verbose parsed url   href: 'node-mongodb-native' }
10 silly lockFile 19c00958-node-mongodb-native node-mongodb-native
11 verbose lock node-mongodb-native C:\Users\kloi\AppData\Roaming\npm-cache\19c00958-node-mongodb-native.lock
12 silly lockFile 19c00958-node-mongodb-native node-mongodb-native
13 silly lockFile 19c00958-node-mongodb-native node-mongodb-native
14 verbose addNamed [ 'node-mongodb-native', '' ]
15 verbose addNamed [ null, '*' ]
16 silly lockFile 5600b9da-node-mongodb-native node-mongodb-native@
17 verbose lock node-mongodb-native@ C:\Users\kloi\AppData\Roaming\npm-cache\5600b9da-node-mongodb-native.lock
18 silly addNameRange { name: 'node-mongodb-native', range: '*', hasData: false }
19 verbose request where is /node-mongodb-native
20 verbose request registry https://registry.npmjs.org/
21 verbose request id 18c37a628a0ae890
22 verbose url raw /node-mongodb-native
23 verbose url resolving [ 'https://registry.npmjs.org/', './node-mongodb-native' ]
24 verbose url resolved https://registry.npmjs.org/node-mongodb-native
25 verbose request where is https://registry.npmjs.org/node-mongodb-native
26 info trying registry request attempt 1 at 19:26:13
27 http GET https://registry.npmjs.org/node-mongodb-native
28 http 404 https://registry.npmjs.org/node-mongodb-native
29 verbose headers { date: 'Tue, 21 Oct 2014 16:26:14 GMT',
29 verbose headers   server: 'CouchDB/1.5.0 (Erlang OTP/R16B03)',
29 verbose headers   'content-type': 'application/json',
29 verbose headers   'cache-control': 'max-age=0',
29 verbose headers   'content-length': '52',
29 verbose headers   'accept-ranges': 'bytes',
29 verbose headers   via: '1.1 varnish',
29 verbose headers   age: '0',
29 verbose headers   'x-served-by': 'cache-ams4131-AMS',
29 verbose headers   'x-cache': 'MISS',
29 verbose headers   'x-cache-hits': '0',
29 verbose headers   'x-timer': 'S1413908773.634081,VS0,VE659',
29 verbose headers   'keep-alive': 'timeout=10, max=50',
29 verbose headers   connection: 'Keep-Alive' }
30 silly registry.get cb [ 404,
30 silly registry.get   { date: 'Tue, 21 Oct 2014 16:26:14 GMT',
30 silly registry.get     server: 'CouchDB/1.5.0 (Erlang OTP/R16B03)',
30 silly registry.get     'content-type': 'application/json',
30 silly registry.get     'cache-control': 'max-age=0',
30 silly registry.get     'content-length': '52',
30 silly registry.get     'accept-ranges': 'bytes',
30 silly registry.get     via: '1.1 varnish',
30 silly registry.get     age: '0',
30 silly registry.get     'x-served-by': 'cache-ams4131-AMS',
30 silly registry.get     'x-cache': 'MISS',
30 silly registry.get     'x-cache-hits': '0',
30 silly registry.get     'x-timer': 'S1413908773.634081,VS0,VE659',
30 silly registry.get     'keep-alive': 'timeout=10, max=50',
30 silly registry.get     connection: 'Keep-Alive' } ]
31 silly lockFile 5600b9da-node-mongodb-native node-mongodb-native@
32 silly lockFile 5600b9da-node-mongodb-native node-mongodb-native@
33 error 404 404 Not Found: node-mongodb-native
33 error 404
33 error 404 'node-mongodb-native' is not in the npm registry.
33 error 404 You should bug the author to publish it
33 error 404 It was specified as a dependency of '1-JSON-To-Mongo'
33 error 404
33 error 404 Maybe try 'npm search mongodb native'
33 error 404
33 error 404 Note that you can also install from a
33 error 404 tarball, folder, or http url, or git url.
34 error System Windows_NT 6.2.9200
35 error command "C:\\Program Files\\nodejs\\\\node.exe" "C:\\Program Files\\nodejs\\node_modules\\npm\\bin\\npm-cli.js" "install" "--save" "node-mongodb-native"
36 error cwd C:\Projects\NodeJS-HackBG\NodeJS-1\week2\1-JSON-To-Mongo
37 error node -v v0.10.32
38 error npm -v 1.4.28
39 error code E404
40 verbose exit [ 1, true ]
